<?xml version="1.0" encoding="UTF-8"?>
<!-- Generated by org.testng.reporters.JUnitReportReporter -->
<testsuite hostname="VenkatalamsAir2.attlocal.net" failures="0" tests="13" name="com.runner.TestRunner" time="8.499" errors="0" timestamp="2023-11-20T21:39:05 EST" skipped="0">
  <testcase classname="com.runner.TestRunner" name="runScenario" time="0.549"/>
  <system-out/>
  <testcase classname="com.runner.TestRunner" name="runScenario" time="0.481"/>
  <system-out/>
  <testcase classname="com.runner.TestRunner" name="runScenario" time="0.259"/>
  <system-out/>
  <testcase classname="com.runner.TestRunner" name="runScenario" time="0.322"/>
  <system-out/>
  <testcase classname="com.runner.TestRunner" name="runScenario" time="0.281"/>
  <system-out/>
  <testcase classname="com.runner.TestRunner" name="runScenario" time="0.306"/>
  <system-out/>
  <testcase classname="com.runner.TestRunner" name="runScenario" time="0.228"/>
  <system-out/>
  <testcase classname="com.runner.TestRunner" name="runScenario" time="0.273"/>
  <system-out/>
  <testcase classname="com.runner.TestRunner" name="runScenario" time="0.202"/>
  <system-out/>
  <testcase classname="com.runner.TestRunner" name="runScenario" time="0.429"/>
  <system-out/>
  <testcase classname="com.runner.TestRunner" name="runScenario" time="0.363"/>
  <system-out/>
  <testcase classname="com.runner.TestRunner" name="runScenario" time="0.430"/>
  <system-out/>
  <testcase classname="com.runner.TestRunner" name="runScenario" time="4.376"/>
  <system-out/>
</testsuite> <!-- com.runner.TestRunner -->
