<?xml version="1.0" encoding="UTF-8"?>
<!-- Generated by org.testng.reporters.JUnitReportReporter -->
<testsuite hostname="VenkatalamsAir2.attlocal.net" failures="0" tests="12" name="com.runner.TestRunner" time="9.340" errors="0" timestamp="2023-11-21T12:49:40 EST" skipped="0">
  <testcase classname="com.runner.TestRunner" name="runScenario" time="0.237"/>
  <system-out/>
  <testcase classname="com.runner.TestRunner" name="runScenario" time="0.437"/>
  <system-out/>
  <testcase classname="com.runner.TestRunner" name="runScenario" time="0.245"/>
  <system-out/>
  <testcase classname="com.runner.TestRunner" name="runScenario" time="5.893"/>
  <system-out/>
  <testcase classname="com.runner.TestRunner" name="runScenario" time="0.530"/>
  <system-out/>
  <testcase classname="com.runner.TestRunner" name="runScenario" time="0.366"/>
  <system-out/>
  <testcase classname="com.runner.TestRunner" name="runScenario" time="0.306"/>
  <system-out/>
  <testcase classname="com.runner.TestRunner" name="runScenario" time="0.239"/>
  <system-out/>
  <testcase classname="com.runner.TestRunner" name="runScenario" time="0.335"/>
  <system-out/>
  <testcase classname="com.runner.TestRunner" name="runScenario" time="0.234"/>
  <system-out/>
  <testcase classname="com.runner.TestRunner" name="runScenario" time="0.296"/>
  <system-out/>
  <testcase classname="com.runner.TestRunner" name="runScenario" time="0.222"/>
  <system-out/>
</testsuite> <!-- com.runner.TestRunner -->
